# JRE version: OpenJDK Runtime Environment (8.0_212-b04) (build 1.8.0_212-release-1586-b04)
# Java VM: OpenJDK 64-Bit Server VM (25.212-b04 mixed mode windows-amd64 compressed oops)
Heap:
 PSYoungGen      total 130560K, used 83649K [0x00000000eb500000, 0x00000000f5500000, 0x0000000100000000)
  eden space 102912K, 81% used [0x00000000eb500000,0x00000000f06b0510,0x00000000f1980000)
  from space 27648K, 0% used [0x00000000f3600000,0x00000000f3600000,0x00000000f5100000)
  to   space 29184K, 0% used [0x00000000f1980000,0x00000000f1980000,0x00000000f3600000)
 ParOldGen       total 64512K, used 45530K [0x00000000c1e00000, 0x00000000c5d00000, 0x00000000eb500000)
  object space 64512K, 70% used [0x00000000c1e00000,0x00000000c4a769d0,0x00000000c5d00000)
 Metaspace       used 61271K, capacity 62436K, committed 62744K, reserved 1103872K
  class space    used 7368K, capacity 7640K, committed 7728K, reserved 1048576K
GC Heap History (10 events):
Event: 14.084 GC heap before
{Heap before GC invocations=11 (full 2):
 PSYoungGen      total 86528K, used 72192K [0x00000000eb500000, 0x00000000f2b00000, 0x0000000100000000)
  eden space 72192K, 100% used [0x00000000eb500000,0x00000000efb80000,0x00000000efb80000)
  from space 14336K, 0% used [0x00000000f0980000,0x00000000f0980000,0x00000000f1780000)
  to   space 14336K, 0% used [0x00000000efb80000,0x00000000efb80000,0x00000000f0980000)
 ParOldGen       total 64512K, used 15550K [0x00000000c1e00000, 0x00000000c5d00000, 0x00000000eb500000)
  object space 64512K, 24% used [0x00000000c1e00000,0x00000000c2d2f900,0x00000000c5d00000)
 Metaspace       used 40318K, capacity 40982K, committed 41392K, reserved 1085440K
  class space    used 5032K, capacity 5201K, committed 5296K, reserved 1048576K
Event: 14.109 GC heap after
Heap after GC invocations=11 (full 2):
 PSYoungGen      total 86528K, used 14318K [0x00000000eb500000, 0x00000000f2c00000, 0x0000000100000000)
  eden space 72192K, 0% used [0x00000000eb500000,0x00000000eb500000,0x00000000efb80000)
  from space 14336K, 99% used [0x00000000efb80000,0x00000000f097b958,0x00000000f0980000)
  to   space 16384K, 0% used [0x00000000f1c00000,0x00000000f1c00000,0x00000000f2c00000)
 ParOldGen       total 64512K, used 15905K [0x00000000c1e00000, 0x00000000c5d00000, 0x00000000eb500000)
  object space 64512K, 24% used [0x00000000c1e00000,0x00000000c2d886a0,0x00000000c5d00000)
 Metaspace       used 40318K, capacity 40982K, committed 41392K, reserved 1085440K
  class space    used 5032K, capacity 5201K, committed 5296K, reserved 1048576K
}
Event: 17.395 GC heap before
{Heap before GC invocations=12 (full 2):
 PSYoungGen      total 86528K, used 86510K [0x00000000eb500000, 0x00000000f2c00000, 0x0000000100000000)
  eden space 72192K, 100% used [0x00000000eb500000,0x00000000efb80000,0x00000000efb80000)
  from space 14336K, 99% used [0x00000000efb80000,0x00000000f097b958,0x00000000f0980000)
  to   space 16384K, 0% used [0x00000000f1c00000,0x00000000f1c00000,0x00000000f2c00000)
 ParOldGen       total 64512K, used 15905K [0x00000000c1e00000, 0x00000000c5d00000, 0x00000000eb500000)
  object space 64512K, 24% used [0x00000000c1e00000,0x00000000c2d886a0,0x00000000c5d00000)
 Metaspace       used 44399K, capacity 45128K, committed 45616K, reserved 1089536K
  class space    used 5423K, capacity 5652K, committed 5680K, reserved 1048576K
Event: 17.434 GC heap after
Heap after GC invocations=12 (full 2):
 PSYoungGen      total 100864K, used 16365K [0x00000000eb500000, 0x00000000f3580000, 0x0000000100000000)
  eden space 84480K, 0% used [0x00000000eb500000,0x00000000eb500000,0x00000000f0780000)
  from space 16384K, 99% used [0x00000000f1c00000,0x00000000f2bfb480,0x00000000f2c00000)
  to   space 20992K, 0% used [0x00000000f0780000,0x00000000f0780000,0x00000000f1c00000)
 ParOldGen       total 64512K, used 21655K [0x00000000c1e00000, 0x00000000c5d00000, 0x00000000eb500000)
  object space 64512K, 33% used [0x00000000c1e00000,0x00000000c3325e80,0x00000000c5d00000)
 Metaspace       used 44399K, capacity 45128K, committed 45616K, reserved 1089536K
  class space    used 5423K, capacity 5652K, committed 5680K, reserved 1048576K
}
Event: 23.073 GC heap before
{Heap before GC invocations=13 (full 2):
 PSYoungGen      total 100864K, used 100845K [0x00000000eb500000, 0x00000000f3580000, 0x0000000100000000)
  eden space 84480K, 100% used [0x00000000eb500000,0x00000000f0780000,0x00000000f0780000)
  from space 16384K, 99% used [0x00000000f1c00000,0x00000000f2bfb480,0x00000000f2c00000)
  to   space 20992K, 0% used [0x00000000f0780000,0x00000000f0780000,0x00000000f1c00000)
 ParOldGen       total 64512K, used 21655K [0x00000000c1e00000, 0x00000000c5d00000, 0x00000000eb500000)
  object space 64512K, 33% used [0x00000000c1e00000,0x00000000c3325e80,0x00000000c5d00000)
 Metaspace       used 52661K, capacity 53672K, committed 53936K, reserved 1095680K
  class space    used 6487K, capacity 6756K, committed 6832K, reserved 1048576K
Event: 23.127 GC heap after
Heap after GC invocations=13 (full 2):
 PSYoungGen      total 105472K, used 20975K [0x00000000eb500000, 0x00000000f5100000, 0x0000000100000000)
  eden space 84480K, 0% used [0x00000000eb500000,0x00000000eb500000,0x00000000f0780000)
  from space 20992K, 99% used [0x00000000f0780000,0x00000000f1bfbf18,0x00000000f1c00000)
  to   space 27648K, 0% used [0x00000000f3600000,0x00000000f3600000,0x00000000f5100000)
 ParOldGen       total 64512K, used 31648K [0x00000000c1e00000, 0x00000000c5d00000, 0x00000000eb500000)
  object space 64512K, 49% used [0x00000000c1e00000,0x00000000c3ce81e8,0x00000000c5d00000)
 Metaspace       used 52661K, capacity 53672K, committed 53936K, reserved 1095680K
  class space    used 6487K, capacity 6756K, committed 6832K, reserved 1048576K
}
Event: 26.944 GC heap before
{Heap before GC invocations=14 (full 2):
 PSYoungGen      total 105472K, used 58671K [0x00000000eb500000, 0x00000000f5100000, 0x0000000100000000)
  eden space 84480K, 44% used [0x00000000eb500000,0x00000000ed9d0028,0x00000000f0780000)
  from space 20992K, 99% used [0x00000000f0780000,0x00000000f1bfbf18,0x00000000f1c00000)
  to   space 27648K, 0% used [0x00000000f3600000,0x00000000f3600000,0x00000000f5100000)
 ParOldGen       total 64512K, used 31648K [0x00000000c1e00000, 0x00000000c5d00000, 0x00000000eb500000)
  object space 64512K, 49% used [0x00000000c1e00000,0x00000000c3ce81e8,0x00000000c5d00000)
 Metaspace       used 57797K, capacity 58840K, committed 59160K, reserved 1101824K
  class space    used 7105K, capacity 7376K, committed 7472K, reserved 1048576K
Event: 26.996 GC heap after
Heap after GC invocations=14 (full 2):
 PSYoungGen      total 130560K, used 20581K [0x00000000eb500000, 0x00000000f5500000, 0x0000000100000000)
  eden space 102912K, 0% used [0x00000000eb500000,0x00000000eb500000,0x00000000f1980000)
  from space 27648K, 74% used [0x00000000f3600000,0x00000000f4a194b0,0x00000000f5100000)
  to   space 29184K, 0% used [0x00000000f1980000,0x00000000f1980000,0x00000000f3600000)
 ParOldGen       total 64512K, used 38492K [0x00000000c1e00000, 0x00000000c5d00000, 0x00000000eb500000)
  object space 64512K, 59% used [0x00000000c1e00000,0x00000000c4397008,0x00000000c5d00000)
 Metaspace       used 57797K, capacity 58840K, committed 59160K, reserved 1101824K
  class space    used 7105K, capacity 7376K, committed 7472K, reserved 1048576K
}
Event: 26.996 GC heap before
{Heap before GC invocations=15 (full 3):
 PSYoungGen      total 130560K, used 20581K [0x00000000eb500000, 0x00000000f5500000, 0x0000000100000000)
  eden space 102912K, 0% used [0x00000000eb500000,0x00000000eb500000,0x00000000f1980000)
  from space 27648K, 74% used [0x00000000f3600000,0x00000000f4a194b0,0x00000000f5100000)
  to   space 29184K, 0% used [0x00000000f1980000,0x00000000f1980000,0x00000000f3600000)
 ParOldGen       total 64512K, used 38492K [0x00000000c1e00000, 0x00000000c5d00000, 0x00000000eb500000)
  object space 64512K, 59% used [0x00000000c1e00000,0x00000000c4397008,0x00000000c5d00000)
 Metaspace       used 57797K, capacity 58840K, committed 59160K, reserved 1101824K
  class space    used 7105K, capacity 7376K, committed 7472K, reserved 1048576K
Event: 27.473 GC heap after
Heap after GC invocations=15 (full 3):
 PSYoungGen      total 130560K, used 0K [0x00000000eb500000, 0x00000000f5500000, 0x0000000100000000)
  eden space 102912K, 0% used [0x00000000eb500000,0x00000000eb500000,0x00000000f1980000)
  from space 27648K, 0% used [0x00000000f3600000,0x00000000f3600000,0x00000000f5100000)
  to   space 29184K, 0% used [0x00000000f1980000,0x00000000f1980000,0x00000000f3600000)
 ParOldGen       total 64512K, used 45530K [0x00000000c1e00000, 0x00000000c5d00000, 0x00000000eb500000)
  object space 64512K, 70% used [0x00000000c1e00000,0x00000000c4a769d0,0x00000000c5d00000)
 Metaspace       used 57797K, capacity 58840K, committed 59160K, reserved 1101824K
  class space    used 7105K, capacity 7376K, committed 7472K, reserved 1048576K
}

