# JRE version: OpenJDK Runtime Environment (8.0_212-b04) (build 1.8.0_212-release-1586-b04)
# Java VM: OpenJDK 64-Bit Server VM (25.212-b04 mixed mode windows-amd64 compressed oops)
Heap:
 PSYoungGen      total 250368K, used 156031K [0x00000000e0000000, 0x00000000f5880000, 0x0000000100000000)
  eden space 183808K, 66% used [0x00000000e0000000,0x00000000e7829140,0x00000000eb380000)
  from space 66560K, 49% used [0x00000000eb380000,0x00000000ed3b6e50,0x00000000ef480000)
  to   space 65536K, 0% used [0x00000000f1880000,0x00000000f1880000,0x00000000f5880000)
 ParOldGen       total 203264K, used 99626K [0x00000000a0000000, 0x00000000ac680000, 0x00000000e0000000)
  object space 203264K, 49% used [0x00000000a0000000,0x00000000a614a980,0x00000000ac680000)
 Metaspace       used 87189K, capacity 90978K, committed 91136K, reserved 1128448K
  class space    used 11642K, capacity 12453K, committed 12544K, reserved 1048576K
GC Heap History (10 events):
Event: 128.096 GC heap before
{Heap before GC invocations=23 (full 3):
 PSYoungGen      total 177664K, used 177633K [0x00000000e0000000, 0x00000000eed80000, 0x0000000100000000)
  eden space 148992K, 100% used [0x00000000e0000000,0x00000000e9180000,0x00000000e9180000)
  from space 28672K, 99% used [0x00000000e9180000,0x00000000ead78788,0x00000000ead80000)
  to   space 35840K, 0% used [0x00000000eca80000,0x00000000eca80000,0x00000000eed80000)
 ParOldGen       total 91648K, used 46144K [0x00000000a0000000, 0x00000000a5980000, 0x00000000e0000000)
  object space 91648K, 50% used [0x00000000a0000000,0x00000000a2d10320,0x00000000a5980000)
 Metaspace       used 78505K, capacity 81848K, committed 81920K, reserved 1120256K
  class space    used 10738K, capacity 11458K, committed 11520K, reserved 1048576K
Event: 128.200 GC heap after
Heap after GC invocations=23 (full 3):
 PSYoungGen      total 193536K, used 35832K [0x00000000e0000000, 0x00000000f0680000, 0x0000000100000000)
  eden space 157696K, 0% used [0x00000000e0000000,0x00000000e0000000,0x00000000e9a00000)
  from space 35840K, 99% used [0x00000000eca80000,0x00000000eed7e368,0x00000000eed80000)
  to   space 49664K, 0% used [0x00000000e9a00000,0x00000000e9a00000,0x00000000eca80000)
 ParOldGen       total 91648K, used 67667K [0x00000000a0000000, 0x00000000a5980000, 0x00000000e0000000)
  object space 91648K, 73% used [0x00000000a0000000,0x00000000a4214d88,0x00000000a5980000)
 Metaspace       used 78505K, capacity 81848K, committed 81920K, reserved 1120256K
  class space    used 10738K, capacity 11458K, committed 11520K, reserved 1048576K
}
Event: 131.695 GC heap before
{Heap before GC invocations=24 (full 3):
 PSYoungGen      total 193536K, used 193528K [0x00000000e0000000, 0x00000000f0680000, 0x0000000100000000)
  eden space 157696K, 100% used [0x00000000e0000000,0x00000000e9a00000,0x00000000e9a00000)
  from space 35840K, 99% used [0x00000000eca80000,0x00000000eed7e368,0x00000000eed80000)
  to   space 49664K, 0% used [0x00000000e9a00000,0x00000000e9a00000,0x00000000eca80000)
 ParOldGen       total 91648K, used 67667K [0x00000000a0000000, 0x00000000a5980000, 0x00000000e0000000)
  object space 91648K, 73% used [0x00000000a0000000,0x00000000a4214d88,0x00000000a5980000)
 Metaspace       used 79690K, capacity 83140K, committed 83456K, reserved 1120256K
  class space    used 10913K, capacity 11658K, committed 11776K, reserved 1048576K
Event: 131.804 GC heap after
Heap after GC invocations=24 (full 3):
 PSYoungGen      total 207360K, used 49649K [0x00000000e0000000, 0x00000000f3b00000, 0x0000000100000000)
  eden space 157696K, 0% used [0x00000000e0000000,0x00000000e0000000,0x00000000e9a00000)
  from space 49664K, 99% used [0x00000000e9a00000,0x00000000eca7c7c8,0x00000000eca80000)
  to   space 69632K, 0% used [0x00000000ef700000,0x00000000ef700000,0x00000000f3b00000)
 ParOldGen       total 99840K, used 99454K [0x00000000a0000000, 0x00000000a6180000, 0x00000000e0000000)
  object space 99840K, 99% used [0x00000000a0000000,0x00000000a611fb48,0x00000000a6180000)
 Metaspace       used 79690K, capacity 83140K, committed 83456K, reserved 1120256K
  class space    used 10913K, capacity 11658K, committed 11776K, reserved 1048576K
}
Event: 131.804 GC heap before
{Heap before GC invocations=25 (full 4):
 PSYoungGen      total 207360K, used 49649K [0x00000000e0000000, 0x00000000f3b00000, 0x0000000100000000)
  eden space 157696K, 0% used [0x00000000e0000000,0x00000000e0000000,0x00000000e9a00000)
  from space 49664K, 99% used [0x00000000e9a00000,0x00000000eca7c7c8,0x00000000eca80000)
  to   space 69632K, 0% used [0x00000000ef700000,0x00000000ef700000,0x00000000f3b00000)
 ParOldGen       total 99840K, used 99454K [0x00000000a0000000, 0x00000000a6180000, 0x00000000e0000000)
  object space 99840K, 99% used [0x00000000a0000000,0x00000000a611fb48,0x00000000a6180000)
 Metaspace       used 79690K, capacity 83140K, committed 83456K, reserved 1120256K
  class space    used 10913K, capacity 11658K, committed 11776K, reserved 1048576K
Event: 135.374 GC heap after
Heap after GC invocations=25 (full 4):
 PSYoungGen      total 207360K, used 18956K [0x00000000e0000000, 0x00000000f3b00000, 0x0000000100000000)
  eden space 157696K, 0% used [0x00000000e0000000,0x00000000e0000000,0x00000000e9a00000)
  from space 49664K, 38% used [0x00000000e9a00000,0x00000000eac83280,0x00000000eca80000)
  to   space 69632K, 0% used [0x00000000ef700000,0x00000000ef700000,0x00000000f3b00000)
 ParOldGen       total 203264K, used 99402K [0x00000000a0000000, 0x00000000ac680000, 0x00000000e0000000)
  object space 203264K, 48% used [0x00000000a0000000,0x00000000a6112970,0x00000000ac680000)
 Metaspace       used 79582K, capacity 82858K, committed 83456K, reserved 1120256K
  class space    used 10876K, capacity 11593K, committed 11776K, reserved 1048576K
}
Event: 1683.767 GC heap before
{Heap before GC invocations=26 (full 4):
 PSYoungGen      total 207360K, used 176652K [0x00000000e0000000, 0x00000000f3b00000, 0x0000000100000000)
  eden space 157696K, 100% used [0x00000000e0000000,0x00000000e9a00000,0x00000000e9a00000)
  from space 49664K, 38% used [0x00000000e9a00000,0x00000000eac83280,0x00000000eca80000)
  to   space 69632K, 0% used [0x00000000ef700000,0x00000000ef700000,0x00000000f3b00000)
 ParOldGen       total 203264K, used 99402K [0x00000000a0000000, 0x00000000ac680000, 0x00000000e0000000)
  object space 203264K, 48% used [0x00000000a0000000,0x00000000a6112970,0x00000000ac680000)
 Metaspace       used 86189K, capacity 89774K, committed 89984K, reserved 1126400K
  class space    used 11597K, capacity 12347K, committed 12416K, reserved 1048576K
Event: 1725.975 GC heap after
Heap after GC invocations=26 (full 4):
 PSYoungGen      total 247808K, used 29089K [0x00000000e0000000, 0x00000000f3580000, 0x0000000100000000)
  eden space 183808K, 0% used [0x00000000e0000000,0x00000000e0000000,0x00000000eb380000)
  from space 64000K, 45% used [0x00000000ef700000,0x00000000f1368720,0x00000000f3580000)
  to   space 66560K, 0% used [0x00000000eb380000,0x00000000eb380000,0x00000000ef480000)
 ParOldGen       total 203264K, used 99618K [0x00000000a0000000, 0x00000000ac680000, 0x00000000e0000000)
  object space 203264K, 49% used [0x00000000a0000000,0x00000000a6148980,0x00000000ac680000)
 Metaspace       used 86189K, capacity 89774K, committed 89984K, reserved 1126400K
  class space    used 11597K, capacity 12347K, committed 12416K, reserved 1048576K
}
Event: 1839.968 GC heap before
{Heap before GC invocations=27 (full 4):
 PSYoungGen      total 247808K, used 212897K [0x00000000e0000000, 0x00000000f3580000, 0x0000000100000000)
  eden space 183808K, 100% used [0x00000000e0000000,0x00000000eb380000,0x00000000eb380000)
  from space 64000K, 45% used [0x00000000ef700000,0x00000000f1368720,0x00000000f3580000)
  to   space 66560K, 0% used [0x00000000eb380000,0x00000000eb380000,0x00000000ef480000)
 ParOldGen       total 203264K, used 99618K [0x00000000a0000000, 0x00000000ac680000, 0x00000000e0000000)
  object space 203264K, 49% used [0x00000000a0000000,0x00000000a6148980,0x00000000ac680000)
 Metaspace       used 86526K, capacity 90170K, committed 90240K, reserved 1126400K
  class space    used 11601K, capacity 12383K, committed 12416K, reserved 1048576K
Event: 1847.538 GC heap after
Heap after GC invocations=27 (full 4):
 PSYoungGen      total 250368K, used 32987K [0x00000000e0000000, 0x00000000f5880000, 0x0000000100000000)
  eden space 183808K, 0% used [0x00000000e0000000,0x00000000e0000000,0x00000000eb380000)
  from space 66560K, 49% used [0x00000000eb380000,0x00000000ed3b6e50,0x00000000ef480000)
  to   space 65536K, 0% used [0x00000000f1880000,0x00000000f1880000,0x00000000f5880000)
 ParOldGen       total 203264K, used 99626K [0x00000000a0000000, 0x00000000ac680000, 0x00000000e0000000)
  object space 203264K, 49% used [0x00000000a0000000,0x00000000a614a980,0x00000000ac680000)
 Metaspace       used 86526K, capacity 90170K, committed 90240K, reserved 1126400K
  class space    used 11601K, capacity 12383K, committed 12416K, reserved 1048576K
}

