# JRE version: OpenJDK Runtime Environment (8.0_212-b04) (build 1.8.0_212-release-1586-b04)
# Java VM: OpenJDK 64-Bit Server VM (25.212-b04 mixed mode windows-amd64 compressed oops)
Heap:
 PSYoungGen      total 248320K, used 236920K [0x00000000e0000000, 0x00000000f1800000, 0x0000000100000000)
  eden space 222208K, 97% used [0x00000000e0000000,0x00000000ed47e710,0x00000000ed900000)
  from space 26112K, 74% used [0x00000000ef480000,0x00000000f075f9d0,0x00000000f0e00000)
  to   space 28160K, 0% used [0x00000000ed900000,0x00000000ed900000,0x00000000ef480000)
 ParOldGen       total 80896K, used 55017K [0x00000000a0000000, 0x00000000a4f00000, 0x00000000e0000000)
  object space 80896K, 68% used [0x00000000a0000000,0x00000000a35ba7c0,0x00000000a4f00000)
 Metaspace       used 85232K, capacity 88786K, committed 88960K, reserved 1126400K
  class space    used 11539K, capacity 12292K, committed 12416K, reserved 1048576K
GC Heap History (10 events):
Event: 24.349 GC heap before
{Heap before GC invocations=17 (full 2):
 PSYoungGen      total 165888K, used 35798K [0x00000000e0000000, 0x00000000eba80000, 0x0000000100000000)
  eden space 153600K, 15% used [0x00000000e0000000,0x00000000e16fcab0,0x00000000e9600000)
  from space 12288K, 99% used [0x00000000ea700000,0x00000000eb2f9120,0x00000000eb300000)
  to   space 17408K, 0% used [0x00000000e9600000,0x00000000e9600000,0x00000000ea700000)
 ParOldGen       total 51712K, used 31638K [0x00000000a0000000, 0x00000000a3280000, 0x00000000e0000000)
  object space 51712K, 61% used [0x00000000a0000000,0x00000000a1ee58e8,0x00000000a3280000)
 Metaspace       used 57275K, capacity 58996K, committed 59096K, reserved 1099776K
  class space    used 7845K, capacity 8255K, committed 8320K, reserved 1048576K
Event: 24.366 GC heap after
Heap after GC invocations=17 (full 2):
 PSYoungGen      total 171008K, used 1896K [0x00000000e0000000, 0x00000000eef00000, 0x0000000100000000)
  eden space 153600K, 0% used [0x00000000e0000000,0x00000000e0000000,0x00000000e9600000)
  from space 17408K, 10% used [0x00000000e9600000,0x00000000e97da060,0x00000000ea700000)
  to   space 17408K, 0% used [0x00000000ede00000,0x00000000ede00000,0x00000000eef00000)
 ParOldGen       total 51712K, used 38314K [0x00000000a0000000, 0x00000000a3280000, 0x00000000e0000000)
  object space 51712K, 74% used [0x00000000a0000000,0x00000000a256abd8,0x00000000a3280000)
 Metaspace       used 57275K, capacity 58996K, committed 59096K, reserved 1099776K
  class space    used 7845K, capacity 8255K, committed 8320K, reserved 1048576K
}
Event: 24.366 GC heap before
{Heap before GC invocations=18 (full 3):
 PSYoungGen      total 171008K, used 1896K [0x00000000e0000000, 0x00000000eef00000, 0x0000000100000000)
  eden space 153600K, 0% used [0x00000000e0000000,0x00000000e0000000,0x00000000e9600000)
  from space 17408K, 10% used [0x00000000e9600000,0x00000000e97da060,0x00000000ea700000)
  to   space 17408K, 0% used [0x00000000ede00000,0x00000000ede00000,0x00000000eef00000)
 ParOldGen       total 51712K, used 38314K [0x00000000a0000000, 0x00000000a3280000, 0x00000000e0000000)
  object space 51712K, 74% used [0x00000000a0000000,0x00000000a256abd8,0x00000000a3280000)
 Metaspace       used 57275K, capacity 58996K, committed 59096K, reserved 1099776K
  class space    used 7845K, capacity 8255K, committed 8320K, reserved 1048576K
Event: 24.721 GC heap after
Heap after GC invocations=18 (full 3):
 PSYoungGen      total 171008K, used 0K [0x00000000e0000000, 0x00000000eef00000, 0x0000000100000000)
  eden space 153600K, 0% used [0x00000000e0000000,0x00000000e0000000,0x00000000e9600000)
  from space 17408K, 0% used [0x00000000e9600000,0x00000000e9600000,0x00000000ea700000)
  to   space 17408K, 0% used [0x00000000ede00000,0x00000000ede00000,0x00000000eef00000)
 ParOldGen       total 80896K, used 29752K [0x00000000a0000000, 0x00000000a4f00000, 0x00000000e0000000)
  object space 80896K, 36% used [0x00000000a0000000,0x00000000a1d0e0c8,0x00000000a4f00000)
 Metaspace       used 57275K, capacity 58996K, committed 59096K, reserved 1099776K
  class space    used 7845K, capacity 8255K, committed 8320K, reserved 1048576K
}
Event: 29.052 GC heap before
{Heap before GC invocations=19 (full 3):
 PSYoungGen      total 171008K, used 153600K [0x00000000e0000000, 0x00000000eef00000, 0x0000000100000000)
  eden space 153600K, 100% used [0x00000000e0000000,0x00000000e9600000,0x00000000e9600000)
  from space 17408K, 0% used [0x00000000e9600000,0x00000000e9600000,0x00000000ea700000)
  to   space 17408K, 0% used [0x00000000ede00000,0x00000000ede00000,0x00000000eef00000)
 ParOldGen       total 80896K, used 29752K [0x00000000a0000000, 0x00000000a4f00000, 0x00000000e0000000)
  object space 80896K, 36% used [0x00000000a0000000,0x00000000a1d0e0c8,0x00000000a4f00000)
 Metaspace       used 61281K, capacity 63476K, committed 63744K, reserved 1103872K
  class space    used 8375K, capacity 8867K, committed 8960K, reserved 1048576K
Event: 29.091 GC heap after
Heap after GC invocations=19 (full 3):
 PSYoungGen      total 209408K, used 14492K [0x00000000e0000000, 0x00000000eec80000, 0x0000000100000000)
  eden space 194560K, 0% used [0x00000000e0000000,0x00000000e0000000,0x00000000ebe00000)
  from space 14848K, 97% used [0x00000000ede00000,0x00000000eec27038,0x00000000eec80000)
  to   space 19456K, 0% used [0x00000000ec680000,0x00000000ec680000,0x00000000ed980000)
 ParOldGen       total 80896K, used 29760K [0x00000000a0000000, 0x00000000a4f00000, 0x00000000e0000000)
  object space 80896K, 36% used [0x00000000a0000000,0x00000000a1d100c8,0x00000000a4f00000)
 Metaspace       used 61281K, capacity 63476K, committed 63744K, reserved 1103872K
  class space    used 8375K, capacity 8867K, committed 8960K, reserved 1048576K
}
Event: 55.136 GC heap before
{Heap before GC invocations=20 (full 3):
 PSYoungGen      total 209408K, used 209052K [0x00000000e0000000, 0x00000000eec80000, 0x0000000100000000)
  eden space 194560K, 100% used [0x00000000e0000000,0x00000000ebe00000,0x00000000ebe00000)
  from space 14848K, 97% used [0x00000000ede00000,0x00000000eec27038,0x00000000eec80000)
  to   space 19456K, 0% used [0x00000000ec680000,0x00000000ec680000,0x00000000ed980000)
 ParOldGen       total 80896K, used 29760K [0x00000000a0000000, 0x00000000a4f00000, 0x00000000e0000000)
  object space 80896K, 36% used [0x00000000a0000000,0x00000000a1d100c8,0x00000000a4f00000)
 Metaspace       used 68111K, capacity 70656K, committed 70784K, reserved 1110016K
  class space    used 9214K, capacity 9753K, committed 9856K, reserved 1048576K
Event: 55.174 GC heap after
Heap after GC invocations=20 (full 3):
 PSYoungGen      total 222720K, used 19452K [0x00000000e0000000, 0x00000000f0e00000, 0x0000000100000000)
  eden space 203264K, 0% used [0x00000000e0000000,0x00000000e0000000,0x00000000ec680000)
  from space 19456K, 99% used [0x00000000ec680000,0x00000000ed97f398,0x00000000ed980000)
  to   space 26112K, 0% used [0x00000000ef480000,0x00000000ef480000,0x00000000f0e00000)
 ParOldGen       total 80896K, used 39060K [0x00000000a0000000, 0x00000000a4f00000, 0x00000000e0000000)
  object space 80896K, 48% used [0x00000000a0000000,0x00000000a2625308,0x00000000a4f00000)
 Metaspace       used 68111K, capacity 70656K, committed 70784K, reserved 1110016K
  class space    used 9214K, capacity 9753K, committed 9856K, reserved 1048576K
}
Event: 132.658 GC heap before
{Heap before GC invocations=21 (full 3):
 PSYoungGen      total 222720K, used 222716K [0x00000000e0000000, 0x00000000f0e00000, 0x0000000100000000)
  eden space 203264K, 100% used [0x00000000e0000000,0x00000000ec680000,0x00000000ec680000)
  from space 19456K, 99% used [0x00000000ec680000,0x00000000ed97f398,0x00000000ed980000)
  to   space 26112K, 0% used [0x00000000ef480000,0x00000000ef480000,0x00000000f0e00000)
 ParOldGen       total 80896K, used 39060K [0x00000000a0000000, 0x00000000a4f00000, 0x00000000e0000000)
  object space 80896K, 48% used [0x00000000a0000000,0x00000000a2625308,0x00000000a4f00000)
 Metaspace       used 78248K, capacity 81010K, committed 81280K, reserved 1120256K
  class space    used 10500K, capacity 11058K, committed 11136K, reserved 1048576K
Event: 133.055 GC heap after
Heap after GC invocations=21 (full 3):
 PSYoungGen      total 248320K, used 19326K [0x00000000e0000000, 0x00000000f1800000, 0x0000000100000000)
  eden space 222208K, 0% used [0x00000000e0000000,0x00000000e0000000,0x00000000ed900000)
  from space 26112K, 74% used [0x00000000ef480000,0x00000000f075f9d0,0x00000000f0e00000)
  to   space 28160K, 0% used [0x00000000ed900000,0x00000000ed900000,0x00000000ef480000)
 ParOldGen       total 80896K, used 55017K [0x00000000a0000000, 0x00000000a4f00000, 0x00000000e0000000)
  object space 80896K, 68% used [0x00000000a0000000,0x00000000a35ba7c0,0x00000000a4f00000)
 Metaspace       used 78248K, capacity 81010K, committed 81280K, reserved 1120256K
  class space    used 10500K, capacity 11058K, committed 11136K, reserved 1048576K
}

