# JRE version: OpenJDK Runtime Environment (8.0_212-b04) (build 1.8.0_212-release-1586-b04)
# Java VM: OpenJDK 64-Bit Server VM (25.212-b04 mixed mode windows-amd64 compressed oops)
Heap:
 PSYoungGen      total 205824K, used 168129K [0x00000000e0000000, 0x00000000ede80000, 0x0000000100000000)
  eden space 183808K, 86% used [0x00000000e0000000,0x00000000e9abc710,0x00000000eb380000)
  from space 22016K, 43% used [0x00000000eb380000,0x00000000ebcf3d40,0x00000000ec900000)
  to   space 15872K, 0% used [0x00000000ecf00000,0x00000000ecf00000,0x00000000ede80000)
 ParOldGen       total 101888K, used 101472K [0x00000000a0000000, 0x00000000a6380000, 0x00000000e0000000)
  object space 101888K, 99% used [0x00000000a0000000,0x00000000a63182d8,0x00000000a6380000)
 Metaspace       used 80461K, capacity 83748K, committed 84312K, reserved 1122304K
  class space    used 10787K, capacity 11469K, committed 11648K, reserved 1048576K
GC Heap History (10 events):
Event: 32.091 GC heap before
{Heap before GC invocations=17 (full 3):
 PSYoungGen      total 165888K, used 145920K [0x00000000e0000000, 0x00000000ee400000, 0x0000000100000000)
  eden space 145920K, 100% used [0x00000000e0000000,0x00000000e8e80000,0x00000000e8e80000)
  from space 19968K, 0% used [0x00000000e8e80000,0x00000000e8e80000,0x00000000ea200000)
  to   space 21504K, 0% used [0x00000000ecf00000,0x00000000ecf00000,0x00000000ee400000)
 ParOldGen       total 89088K, used 29563K [0x00000000a0000000, 0x00000000a5700000, 0x00000000e0000000)
  object space 89088K, 33% used [0x00000000a0000000,0x00000000a1cdeeb0,0x00000000a5700000)
 Metaspace       used 60834K, capacity 62970K, committed 63064K, reserved 1103872K
  class space    used 8307K, capacity 8750K, committed 8832K, reserved 1048576K
Event: 32.118 GC heap after
Heap after GC invocations=17 (full 3):
 PSYoungGen      total 199680K, used 13421K [0x00000000e0000000, 0x00000000ede80000, 0x0000000100000000)
  eden space 183808K, 0% used [0x00000000e0000000,0x00000000e0000000,0x00000000eb380000)
  from space 15872K, 84% used [0x00000000ecf00000,0x00000000edc1b508,0x00000000ede80000)
  to   space 22016K, 0% used [0x00000000eb380000,0x00000000eb380000,0x00000000ec900000)
 ParOldGen       total 89088K, used 29571K [0x00000000a0000000, 0x00000000a5700000, 0x00000000e0000000)
  object space 89088K, 33% used [0x00000000a0000000,0x00000000a1ce0eb0,0x00000000a5700000)
 Metaspace       used 60834K, capacity 62970K, committed 63064K, reserved 1103872K
  class space    used 8307K, capacity 8750K, committed 8832K, reserved 1048576K
}
Event: 52.661 GC heap before
{Heap before GC invocations=18 (full 3):
 PSYoungGen      total 199680K, used 197229K [0x00000000e0000000, 0x00000000ede80000, 0x0000000100000000)
  eden space 183808K, 100% used [0x00000000e0000000,0x00000000eb380000,0x00000000eb380000)
  from space 15872K, 84% used [0x00000000ecf00000,0x00000000edc1b508,0x00000000ede80000)
  to   space 22016K, 0% used [0x00000000eb380000,0x00000000eb380000,0x00000000ec900000)
 ParOldGen       total 89088K, used 29571K [0x00000000a0000000, 0x00000000a5700000, 0x00000000e0000000)
  object space 89088K, 33% used [0x00000000a0000000,0x00000000a1ce0eb0,0x00000000a5700000)
 Metaspace       used 67860K, capacity 70058K, committed 70360K, reserved 1110016K
  class space    used 9157K, capacity 9618K, committed 9728K, reserved 1048576K
Event: 53.105 GC heap after
Heap after GC invocations=18 (full 3):
 PSYoungGen      total 205824K, used 22001K [0x00000000e0000000, 0x00000000ede80000, 0x0000000100000000)
  eden space 183808K, 0% used [0x00000000e0000000,0x00000000e0000000,0x00000000eb380000)
  from space 22016K, 99% used [0x00000000eb380000,0x00000000ec8fc5a8,0x00000000ec900000)
  to   space 15872K, 0% used [0x00000000ecf00000,0x00000000ecf00000,0x00000000ede80000)
 ParOldGen       total 89088K, used 38028K [0x00000000a0000000, 0x00000000a5700000, 0x00000000e0000000)
  object space 89088K, 42% used [0x00000000a0000000,0x00000000a2523140,0x00000000a5700000)
 Metaspace       used 67860K, capacity 70058K, committed 70360K, reserved 1110016K
  class space    used 9157K, capacity 9618K, committed 9728K, reserved 1048576K
}
Event: 65.057 GC heap before
{Heap before GC invocations=19 (full 3):
 PSYoungGen      total 205824K, used 205809K [0x00000000e0000000, 0x00000000ede80000, 0x0000000100000000)
  eden space 183808K, 100% used [0x00000000e0000000,0x00000000eb380000,0x00000000eb380000)
  from space 22016K, 99% used [0x00000000eb380000,0x00000000ec8fc5a8,0x00000000ec900000)
  to   space 15872K, 0% used [0x00000000ecf00000,0x00000000ecf00000,0x00000000ede80000)
 ParOldGen       total 89088K, used 38028K [0x00000000a0000000, 0x00000000a5700000, 0x00000000e0000000)
  object space 89088K, 42% used [0x00000000a0000000,0x00000000a2523140,0x00000000a5700000)
 Metaspace       used 77708K, capacity 80986K, committed 81112K, reserved 1120256K
  class space    used 10480K, capacity 11198K, committed 11264K, reserved 1048576K
Event: 65.112 GC heap after
Heap after GC invocations=19 (full 3):
 PSYoungGen      total 199680K, used 15856K [0x00000000e0000000, 0x00000000ede80000, 0x0000000100000000)
  eden space 183808K, 0% used [0x00000000e0000000,0x00000000e0000000,0x00000000eb380000)
  from space 15872K, 99% used [0x00000000ecf00000,0x00000000ede7c040,0x00000000ede80000)
  to   space 22016K, 0% used [0x00000000eb380000,0x00000000eb380000,0x00000000ec900000)
 ParOldGen       total 89088K, used 54190K [0x00000000a0000000, 0x00000000a5700000, 0x00000000e0000000)
  object space 89088K, 60% used [0x00000000a0000000,0x00000000a34eba10,0x00000000a5700000)
 Metaspace       used 77708K, capacity 80986K, committed 81112K, reserved 1120256K
  class space    used 10480K, capacity 11198K, committed 11264K, reserved 1048576K
}
Event: 81.016 GC heap before
{Heap before GC invocations=20 (full 3):
 PSYoungGen      total 199680K, used 199664K [0x00000000e0000000, 0x00000000ede80000, 0x0000000100000000)
  eden space 183808K, 100% used [0x00000000e0000000,0x00000000eb380000,0x00000000eb380000)
  from space 15872K, 99% used [0x00000000ecf00000,0x00000000ede7c040,0x00000000ede80000)
  to   space 22016K, 0% used [0x00000000eb380000,0x00000000eb380000,0x00000000ec900000)
 ParOldGen       total 89088K, used 54190K [0x00000000a0000000, 0x00000000a5700000, 0x00000000e0000000)
  object space 89088K, 60% used [0x00000000a0000000,0x00000000a34eba10,0x00000000a5700000)
 Metaspace       used 79068K, capacity 82676K, committed 82904K, reserved 1120256K
  class space    used 10681K, capacity 11417K, committed 11520K, reserved 1048576K
Event: 81.297 GC heap after
Heap after GC invocations=20 (full 3):
 PSYoungGen      total 205824K, used 21989K [0x00000000e0000000, 0x00000000ede80000, 0x0000000100000000)
  eden space 183808K, 0% used [0x00000000e0000000,0x00000000e0000000,0x00000000eb380000)
  from space 22016K, 99% used [0x00000000eb380000,0x00000000ec8f9620,0x00000000ec900000)
  to   space 15872K, 0% used [0x00000000ecf00000,0x00000000ecf00000,0x00000000ede80000)
 ParOldGen       total 101888K, used 101876K [0x00000000a0000000, 0x00000000a6380000, 0x00000000e0000000)
  object space 101888K, 99% used [0x00000000a0000000,0x00000000a637d348,0x00000000a6380000)
 Metaspace       used 79068K, capacity 82676K, committed 82904K, reserved 1120256K
  class space    used 10681K, capacity 11417K, committed 11520K, reserved 1048576K
}
Event: 81.392 GC heap before
{Heap before GC invocations=21 (full 4):
 PSYoungGen      total 205824K, used 21989K [0x00000000e0000000, 0x00000000ede80000, 0x0000000100000000)
  eden space 183808K, 0% used [0x00000000e0000000,0x00000000e0000000,0x00000000eb380000)
  from space 22016K, 99% used [0x00000000eb380000,0x00000000ec8f9620,0x00000000ec900000)
  to   space 15872K, 0% used [0x00000000ecf00000,0x00000000ecf00000,0x00000000ede80000)
 ParOldGen       total 101888K, used 101876K [0x00000000a0000000, 0x00000000a6380000, 0x00000000e0000000)
  object space 101888K, 99% used [0x00000000a0000000,0x00000000a637d348,0x00000000a6380000)
 Metaspace       used 79068K, capacity 82676K, committed 82904K, reserved 1120256K
  class space    used 10681K, capacity 11417K, committed 11520K, reserved 1048576K
Event: 89.035 GC heap after
Heap after GC invocations=21 (full 4):
 PSYoungGen      total 205824K, used 9679K [0x00000000e0000000, 0x00000000ede80000, 0x0000000100000000)
  eden space 183808K, 0% used [0x00000000e0000000,0x00000000e0000000,0x00000000eb380000)
  from space 22016K, 43% used [0x00000000eb380000,0x00000000ebcf3d40,0x00000000ec900000)
  to   space 15872K, 0% used [0x00000000ecf00000,0x00000000ecf00000,0x00000000ede80000)
 ParOldGen       total 101888K, used 101472K [0x00000000a0000000, 0x00000000a6380000, 0x00000000e0000000)
  object space 101888K, 99% used [0x00000000a0000000,0x00000000a63182d8,0x00000000a6380000)
 Metaspace       used 78729K, capacity 81860K, committed 82904K, reserved 1120256K
  class space    used 10560K, capacity 11201K, committed 11520K, reserved 1048576K
}

