# JRE version: OpenJDK Runtime Environment (8.0_212-b04) (build 1.8.0_212-release-1586-b04)
# Java VM: OpenJDK 64-Bit Server VM (25.212-b04 mixed mode windows-amd64 compressed oops)
Heap:
 PSYoungGen      total 188928K, used 147389K [0x00000000e0000000, 0x00000000f0080000, 0x0000000100000000)
  eden space 159232K, 80% used [0x00000000e0000000,0x00000000e7d82c28,0x00000000e9b80000)
  from space 29696K, 63% used [0x00000000ec780000,0x00000000ed9ec950,0x00000000ee480000)
  to   space 45056K, 0% used [0x00000000e9b80000,0x00000000e9b80000,0x00000000ec780000)
 ParOldGen       total 98304K, used 94670K [0x00000000a0000000, 0x00000000a6000000, 0x00000000e0000000)
  object space 98304K, 96% used [0x00000000a0000000,0x00000000a5c738f0,0x00000000a6000000)
 Metaspace       used 89618K, capacity 93120K, committed 94336K, reserved 1130496K
  class space    used 11916K, capacity 12629K, committed 12928K, reserved 1048576K
GC Heap History (10 events):
Event: 126.192 GC heap before
{Heap before GC invocations=24 (full 3):
 PSYoungGen      total 155648K, used 155644K [0x00000000e0000000, 0x00000000ec100000, 0x0000000100000000)
  eden space 136704K, 100% used [0x00000000e0000000,0x00000000e8580000,0x00000000e8580000)
  from space 18944K, 99% used [0x00000000e9f80000,0x00000000eb1ff2a0,0x00000000eb200000)
  to   space 26624K, 0% used [0x00000000e8580000,0x00000000e8580000,0x00000000e9f80000)
 ParOldGen       total 89088K, used 48771K [0x00000000a0000000, 0x00000000a5700000, 0x00000000e0000000)
  object space 89088K, 54% used [0x00000000a0000000,0x00000000a2fa0c98,0x00000000a5700000)
 Metaspace       used 79379K, capacity 82204K, committed 82432K, reserved 1120256K
  class space    used 10639K, capacity 11207K, committed 11264K, reserved 1048576K
Event: 126.499 GC heap after
Heap after GC invocations=24 (full 3):
 PSYoungGen      total 163328K, used 11787K [0x00000000e0000000, 0x00000000ec380000, 0x0000000100000000)
  eden space 136704K, 0% used [0x00000000e0000000,0x00000000e0000000,0x00000000e8580000)
  from space 26624K, 44% used [0x00000000e8580000,0x00000000e9102dd8,0x00000000e9f80000)
  to   space 25600K, 0% used [0x00000000eaa80000,0x00000000eaa80000,0x00000000ec380000)
 ParOldGen       total 89088K, used 60409K [0x00000000a0000000, 0x00000000a5700000, 0x00000000e0000000)
  object space 89088K, 67% used [0x00000000a0000000,0x00000000a3afe6e8,0x00000000a5700000)
 Metaspace       used 79379K, capacity 82204K, committed 82432K, reserved 1120256K
  class space    used 10639K, capacity 11207K, committed 11264K, reserved 1048576K
}
Event: 129.682 GC heap before
{Heap before GC invocations=25 (full 3):
 PSYoungGen      total 163328K, used 148491K [0x00000000e0000000, 0x00000000ec380000, 0x0000000100000000)
  eden space 136704K, 100% used [0x00000000e0000000,0x00000000e8580000,0x00000000e8580000)
  from space 26624K, 44% used [0x00000000e8580000,0x00000000e9102dd8,0x00000000e9f80000)
  to   space 25600K, 0% used [0x00000000eaa80000,0x00000000eaa80000,0x00000000ec380000)
 ParOldGen       total 89088K, used 60413K [0x00000000a0000000, 0x00000000a5700000, 0x00000000e0000000)
  object space 89088K, 67% used [0x00000000a0000000,0x00000000a3aff460,0x00000000a5700000)
 Metaspace       used 79906K, capacity 82808K, committed 83072K, reserved 1120256K
  class space    used 10695K, capacity 11287K, committed 11392K, reserved 1048576K
Event: 129.980 GC heap after
Heap after GC invocations=25 (full 3):
 PSYoungGen      total 171520K, used 22412K [0x00000000e0000000, 0x00000000eda00000, 0x0000000100000000)
  eden space 145920K, 0% used [0x00000000e0000000,0x00000000e0000000,0x00000000e8e80000)
  from space 25600K, 87% used [0x00000000eaa80000,0x00000000ec063228,0x00000000ec380000)
  to   space 28672K, 0% used [0x00000000e8e80000,0x00000000e8e80000,0x00000000eaa80000)
 ParOldGen       total 89088K, used 60421K [0x00000000a0000000, 0x00000000a5700000, 0x00000000e0000000)
  object space 89088K, 67% used [0x00000000a0000000,0x00000000a3b01460,0x00000000a5700000)
 Metaspace       used 79906K, capacity 82808K, committed 83072K, reserved 1120256K
  class space    used 10695K, capacity 11287K, committed 11392K, reserved 1048576K
}
Event: 135.111 GC heap before
{Heap before GC invocations=26 (full 3):
 PSYoungGen      total 171520K, used 168332K [0x00000000e0000000, 0x00000000eda00000, 0x0000000100000000)
  eden space 145920K, 100% used [0x00000000e0000000,0x00000000e8e80000,0x00000000e8e80000)
  from space 25600K, 87% used [0x00000000eaa80000,0x00000000ec063228,0x00000000ec380000)
  to   space 28672K, 0% used [0x00000000e8e80000,0x00000000e8e80000,0x00000000eaa80000)
 ParOldGen       total 89088K, used 60422K [0x00000000a0000000, 0x00000000a5700000, 0x00000000e0000000)
  object space 89088K, 67% used [0x00000000a0000000,0x00000000a3b01bf0,0x00000000a5700000)
 Metaspace       used 88677K, capacity 92570K, committed 92928K, reserved 1130496K
  class space    used 11893K, capacity 12678K, committed 12800K, reserved 1048576K
Event: 135.163 GC heap after
Heap after GC invocations=26 (full 3):
 PSYoungGen      total 174592K, used 18884K [0x00000000e0000000, 0x00000000ee480000, 0x0000000100000000)
  eden space 145920K, 0% used [0x00000000e0000000,0x00000000e0000000,0x00000000e8e80000)
  from space 28672K, 65% used [0x00000000e8e80000,0x00000000ea0f1018,0x00000000eaa80000)
  to   space 29696K, 0% used [0x00000000ec780000,0x00000000ec780000,0x00000000ee480000)
 ParOldGen       total 89088K, used 68343K [0x00000000a0000000, 0x00000000a5700000, 0x00000000e0000000)
  object space 89088K, 76% used [0x00000000a0000000,0x00000000a42bde38,0x00000000a5700000)
 Metaspace       used 88677K, capacity 92570K, committed 92928K, reserved 1130496K
  class space    used 11893K, capacity 12678K, committed 12800K, reserved 1048576K
}
Event: 146.010 GC heap before
{Heap before GC invocations=27 (full 3):
 PSYoungGen      total 174592K, used 164804K [0x00000000e0000000, 0x00000000ee480000, 0x0000000100000000)
  eden space 145920K, 100% used [0x00000000e0000000,0x00000000e8e80000,0x00000000e8e80000)
  from space 28672K, 65% used [0x00000000e8e80000,0x00000000ea0f1018,0x00000000eaa80000)
  to   space 29696K, 0% used [0x00000000ec780000,0x00000000ec780000,0x00000000ee480000)
 ParOldGen       total 89088K, used 68343K [0x00000000a0000000, 0x00000000a5700000, 0x00000000e0000000)
  object space 89088K, 76% used [0x00000000a0000000,0x00000000a42bde38,0x00000000a5700000)
 Metaspace       used 89904K, capacity 93978K, committed 94080K, reserved 1130496K
  class space    used 12054K, capacity 12876K, committed 12928K, reserved 1048576K
Event: 146.236 GC heap after
Heap after GC invocations=27 (full 3):
 PSYoungGen      total 188928K, used 29666K [0x00000000e0000000, 0x00000000f0080000, 0x0000000100000000)
  eden space 159232K, 0% used [0x00000000e0000000,0x00000000e0000000,0x00000000e9b80000)
  from space 29696K, 99% used [0x00000000ec780000,0x00000000ee478930,0x00000000ee480000)
  to   space 45056K, 0% used [0x00000000e9b80000,0x00000000e9b80000,0x00000000ec780000)
 ParOldGen       total 98304K, used 98270K [0x00000000a0000000, 0x00000000a6000000, 0x00000000e0000000)
  object space 98304K, 99% used [0x00000000a0000000,0x00000000a5ff7800,0x00000000a6000000)
 Metaspace       used 89904K, capacity 93978K, committed 94080K, reserved 1130496K
  class space    used 12054K, capacity 12876K, committed 12928K, reserved 1048576K
}
Event: 146.284 GC heap before
{Heap before GC invocations=28 (full 4):
 PSYoungGen      total 188928K, used 29666K [0x00000000e0000000, 0x00000000f0080000, 0x0000000100000000)
  eden space 159232K, 0% used [0x00000000e0000000,0x00000000e0000000,0x00000000e9b80000)
  from space 29696K, 99% used [0x00000000ec780000,0x00000000ee478930,0x00000000ee480000)
  to   space 45056K, 0% used [0x00000000e9b80000,0x00000000e9b80000,0x00000000ec780000)
 ParOldGen       total 98304K, used 98270K [0x00000000a0000000, 0x00000000a6000000, 0x00000000e0000000)
  object space 98304K, 99% used [0x00000000a0000000,0x00000000a5ff7800,0x00000000a6000000)
 Metaspace       used 89904K, capacity 93978K, committed 94080K, reserved 1130496K
  class space    used 12054K, capacity 12876K, committed 12928K, reserved 1048576K
Event: 148.840 GC heap after
Heap after GC invocations=28 (full 4):
 PSYoungGen      total 188928K, used 18866K [0x00000000e0000000, 0x00000000f0080000, 0x0000000100000000)
  eden space 159232K, 0% used [0x00000000e0000000,0x00000000e0000000,0x00000000e9b80000)
  from space 29696K, 63% used [0x00000000ec780000,0x00000000ed9ec950,0x00000000ee480000)
  to   space 45056K, 0% used [0x00000000e9b80000,0x00000000e9b80000,0x00000000ec780000)
 ParOldGen       total 98304K, used 94670K [0x00000000a0000000, 0x00000000a6000000, 0x00000000e0000000)
  object space 98304K, 96% used [0x00000000a0000000,0x00000000a5c738f0,0x00000000a6000000)
 Metaspace       used 89510K, capacity 92988K, committed 94080K, reserved 1130496K
  class space    used 11916K, capacity 12629K, committed 12928K, reserved 1048576K
}

